===2024-12-15 03:55:55===
===Setting===
    lr: 0.00015
    batch: 64
    iters: 1
    wk_iters: 1
============ Train epoch 0 ============
 x_data_4   | Train Acc: 0.1224 | Train Loss: 2371.7486
 x_data_12  | Train Acc: 0.3496 | Train Loss: 565.0185
 x_data_14  | Train Acc: 0.2470 | Train Loss: 576.4744
 x_data_4   | Test  Acc: 0.2605 | Test  Loss: 348.5451
===2024-12-17 18:18:28===
===Setting===
    lr: 0.00015
    batch: 64
    iters: 1
    wk_iters: 1
============ Train epoch 0 ============
 x_data_4   | Train Acc: 0.1224 | Train Loss: 2369.3343
 x_data_12  | Train Acc: 0.3544 | Train Loss: 560.3309
 x_data_14  | Train Acc: 0.2472 | Train Loss: 576.4027
 x_data_4   | Test  Acc: 0.2611 | Test  Loss: 345.6872
===2024-12-17 18:37:41===
===Setting===
    lr: 0.00015
    batch: 64
    iters: 1
    wk_iters: 1
============ Train epoch 0 ============
 x_data_4   | Train Acc: 0.1226 | Train Loss: 2370.5997
===2024-12-17 19:28:31===
===Setting===
    lr: 0.00015
    batch: 64
    iters: 1
    wk_iters: 1
============ Train epoch 0 ============
===2024-12-17 23:50:21===
===Setting===
    lr: 0.00015
    batch: 64
    iters: 1
    wk_iters: 1
============ Train epoch 0 ============
===2024-12-17 23:56:21===
===Setting===
    lr: 0.00015
    batch: 64
    iters: 1
    wk_iters: 1
============ Train epoch 0 ============
===2024-12-18 00:36:03===
===Setting===
    lr: 0.00015
    batch: 64
    iters: 1
    wk_iters: 1
============ Train epoch 0 ============
 x_data_4   | Train Acc: 0.1226 | Train Loss: 2370.6109
 x_data_12  | Train Acc: 0.3504 | Train Loss: 564.2746
 x_data_14  | Train Acc: 0.2480 | Train Loss: 575.7756
 x_data_4   | Test  Acc: 0.2605 | Test  Loss: 347.9093
===2024-12-18 01:05:12===
===Setting===
    lr: 0.00015
    batch: 64
    iters: 1
    wk_iters: 1
============ Train epoch 0 ============
 x_data_4   | Train Acc: 0.1227 | Train Loss: 2370.3725
 x_data_12  | Train Acc: 0.3505 | Train Loss: 564.1581
 x_data_14  | Train Acc: 0.2481 | Train Loss: 575.6926
 x_data_4   | Test  Acc: 0.2605 | Test  Loss: 347.8446
===2024-12-18 01:07:54===
===Setting===
    lr: 0.00015
    batch: 64
    iters: 1
    wk_iters: 1
============ Train epoch 0 ============
 x_data_4   | Train Acc: 0.1226 | Train Loss: 2370.5572
 x_data_12  | Train Acc: 0.3504 | Train Loss: 564.2619
 x_data_14  | Train Acc: 0.2480 | Train Loss: 575.7854
 x_data_4   | Test  Acc: 0.2605 | Test  Loss: 347.8999
===2024-12-18 04:36:27===
===Setting===
    lr: 0.00015
    batch: 64
    iters: 50
    wk_iters: 50
============ Train epoch 0 ============
============ Train epoch 1 ============
============ Train epoch 2 ============
============ Train epoch 3 ============
============ Train epoch 4 ============
============ Train epoch 5 ============
============ Train epoch 6 ============
============ Train epoch 7 ============
============ Train epoch 8 ============
============ Train epoch 9 ============
============ Train epoch 10 ============
============ Train epoch 11 ============
============ Train epoch 12 ============
============ Train epoch 13 ============
============ Train epoch 14 ============
============ Train epoch 15 ============
============ Train epoch 16 ============
============ Train epoch 17 ============
============ Train epoch 18 ============
============ Train epoch 19 ============
============ Train epoch 20 ============
============ Train epoch 21 ============
============ Train epoch 22 ============
============ Train epoch 23 ============
============ Train epoch 24 ============
============ Train epoch 25 ============
============ Train epoch 26 ============
============ Train epoch 27 ============
============ Train epoch 28 ============
============ Train epoch 29 ============
============ Train epoch 30 ============
============ Train epoch 31 ============
============ Train epoch 32 ============
============ Train epoch 33 ============
============ Train epoch 34 ============
============ Train epoch 35 ============
============ Train epoch 36 ============
============ Train epoch 37 ============
============ Train epoch 38 ============
============ Train epoch 39 ============
============ Train epoch 40 ============
============ Train epoch 41 ============
============ Train epoch 42 ============
============ Train epoch 43 ============
============ Train epoch 44 ============
============ Train epoch 45 ============
============ Train epoch 46 ============
============ Train epoch 47 ============
============ Train epoch 48 ============
============ Train epoch 49 ============
 x_data_4   | Train Acc: 0.3442 | Train Loss: 1632.2289
 x_data_12  | Train Acc: -0.1035 | Train Loss: 327.4867
 x_data_14  | Train Acc: 0.4771 | Train Loss: 272.2938
 x_data_4   | Test  Acc: 0.0127 | Test  Loss: 125.9793
============ Train epoch 50 ============
============ Train epoch 51 ============
============ Train epoch 52 ============
============ Train epoch 53 ============
============ Train epoch 54 ============
============ Train epoch 55 ============
============ Train epoch 56 ============
============ Train epoch 57 ============
============ Train epoch 58 ============
============ Train epoch 59 ============
============ Train epoch 60 ============
============ Train epoch 61 ============
============ Train epoch 62 ============
============ Train epoch 63 ============
============ Train epoch 64 ============
============ Train epoch 65 ============
============ Train epoch 66 ============
============ Train epoch 67 ============
============ Train epoch 68 ============
============ Train epoch 69 ============
============ Train epoch 70 ============
============ Train epoch 71 ============
============ Train epoch 72 ============
============ Train epoch 73 ============
============ Train epoch 74 ============
============ Train epoch 75 ============
============ Train epoch 76 ============
============ Train epoch 77 ============
============ Train epoch 78 ============
============ Train epoch 79 ============
============ Train epoch 80 ============
============ Train epoch 81 ============
============ Train epoch 82 ============
============ Train epoch 83 ============
============ Train epoch 84 ============
============ Train epoch 85 ============
============ Train epoch 86 ============
============ Train epoch 87 ============
============ Train epoch 88 ============
============ Train epoch 89 ============
============ Train epoch 90 ============
============ Train epoch 91 ============
============ Train epoch 92 ============
============ Train epoch 93 ============
============ Train epoch 94 ============
============ Train epoch 95 ============
============ Train epoch 96 ============
============ Train epoch 97 ============
============ Train epoch 98 ============
============ Train epoch 99 ============
 x_data_4   | Train Acc: 0.3353 | Train Loss: 1591.1799
 x_data_12  | Train Acc: 0.0435 | Train Loss: 389.4442
 x_data_14  | Train Acc: 0.4852 | Train Loss: 284.4809
 x_data_4   | Test  Acc: 0.0415 | Test  Loss: 142.2771
============ Train epoch 100 ============
============ Train epoch 101 ============
============ Train epoch 102 ============
============ Train epoch 103 ============
============ Train epoch 104 ============
============ Train epoch 105 ============
============ Train epoch 106 ============
============ Train epoch 107 ============
============ Train epoch 108 ============
============ Train epoch 109 ============
============ Train epoch 110 ============
============ Train epoch 111 ============
============ Train epoch 112 ============
============ Train epoch 113 ============
============ Train epoch 114 ============
============ Train epoch 115 ============
============ Train epoch 116 ============
============ Train epoch 117 ============
============ Train epoch 118 ============
============ Train epoch 119 ============
============ Train epoch 120 ============
============ Train epoch 121 ============
============ Train epoch 122 ============
============ Train epoch 123 ============
============ Train epoch 124 ============
============ Train epoch 125 ============
============ Train epoch 126 ============
============ Train epoch 127 ============
============ Train epoch 128 ============
============ Train epoch 129 ============
============ Train epoch 130 ============
============ Train epoch 131 ============
============ Train epoch 132 ============
============ Train epoch 133 ============
============ Train epoch 134 ============
============ Train epoch 135 ============
============ Train epoch 136 ============
============ Train epoch 137 ============
============ Train epoch 138 ============
============ Train epoch 139 ============
============ Train epoch 140 ============
============ Train epoch 141 ============
============ Train epoch 142 ============
============ Train epoch 143 ============
============ Train epoch 144 ============
============ Train epoch 145 ============
============ Train epoch 146 ============
============ Train epoch 147 ============
============ Train epoch 148 ============
============ Train epoch 149 ============
 x_data_4   | Train Acc: 0.5147 | Train Loss: 984.4474
 x_data_12  | Train Acc: -2.4240 | Train Loss: 657.0518
 x_data_14  | Train Acc: 0.1299 | Train Loss: 226.6324
 x_data_4   | Test  Acc: -2.2045 | Test  Loss: 577.3585
============ Train epoch 150 ============
============ Train epoch 151 ============
============ Train epoch 152 ============
============ Train epoch 153 ============
============ Train epoch 154 ============
============ Train epoch 155 ============
============ Train epoch 156 ============
============ Train epoch 157 ============
============ Train epoch 158 ============
============ Train epoch 159 ============
============ Train epoch 160 ============
============ Train epoch 161 ============
============ Train epoch 162 ============
============ Train epoch 163 ============
============ Train epoch 164 ============
============ Train epoch 165 ============
============ Train epoch 166 ============
============ Train epoch 167 ============
============ Train epoch 168 ============
============ Train epoch 169 ============
============ Train epoch 170 ============
============ Train epoch 171 ============
============ Train epoch 172 ============
============ Train epoch 173 ============
============ Train epoch 174 ============
============ Train epoch 175 ============
============ Train epoch 176 ============
============ Train epoch 177 ============
============ Train epoch 178 ============
============ Train epoch 179 ============
============ Train epoch 180 ============
============ Train epoch 181 ============
============ Train epoch 182 ============
============ Train epoch 183 ============
============ Train epoch 184 ============
============ Train epoch 185 ============
============ Train epoch 186 ============
============ Train epoch 187 ============
============ Train epoch 188 ============
============ Train epoch 189 ============
============ Train epoch 190 ============
============ Train epoch 191 ============
============ Train epoch 192 ============
============ Train epoch 193 ============
============ Train epoch 194 ============
============ Train epoch 195 ============
============ Train epoch 196 ============
============ Train epoch 197 ============
============ Train epoch 198 ============
============ Train epoch 199 ============
 x_data_4   | Train Acc: 0.5005 | Train Loss: 1008.0490
 x_data_12  | Train Acc: -3.3302 | Train Loss: 1168.6148
 x_data_14  | Train Acc: 0.0949 | Train Loss: 288.2899
 x_data_4   | Test  Acc: -2.8800 | Test  Loss: 956.4950
============ Train epoch 200 ============
============ Train epoch 201 ============
============ Train epoch 202 ============
============ Train epoch 203 ============
============ Train epoch 204 ============
============ Train epoch 205 ============
============ Train epoch 206 ============
============ Train epoch 207 ============
============ Train epoch 208 ============
============ Train epoch 209 ============
============ Train epoch 210 ============
============ Train epoch 211 ============
============ Train epoch 212 ============
============ Train epoch 213 ============
============ Train epoch 214 ============
============ Train epoch 215 ============
============ Train epoch 216 ============
============ Train epoch 217 ============
============ Train epoch 218 ============
============ Train epoch 219 ============
============ Train epoch 220 ============
============ Train epoch 221 ============
============ Train epoch 222 ============
============ Train epoch 223 ============
============ Train epoch 224 ============
============ Train epoch 225 ============
============ Train epoch 226 ============
============ Train epoch 227 ============
============ Train epoch 228 ============
============ Train epoch 229 ============
============ Train epoch 230 ============
============ Train epoch 231 ============
============ Train epoch 232 ============
============ Train epoch 233 ============
============ Train epoch 234 ============
============ Train epoch 235 ============
============ Train epoch 236 ============
============ Train epoch 237 ============
============ Train epoch 238 ============
============ Train epoch 239 ============
============ Train epoch 240 ============
============ Train epoch 241 ============
============ Train epoch 242 ============
============ Train epoch 243 ============
============ Train epoch 244 ============
============ Train epoch 245 ============
============ Train epoch 246 ============
